<?xml version="1.0" encoding="UTF-8"?>
<testsuite name="com.example.springpayments.SpringPaymentsApplicationTests" tests="1" skipped="0" failures="0" errors="0" timestamp="2021-12-07T01:50:07" hostname="Big-Sister" time="0.148">
  <properties/>
  <testcase name="contextLoads()" classname="com.example.springpayments.SpringPaymentsApplicationTests" time="0.148"/>
  <system-out><![CDATA[17:50:00.925 [Test worker] DEBUG org.springframework.test.context.BootstrapUtils - Instantiating CacheAwareContextLoaderDelegate from class [org.springframework.test.context.cache.DefaultCacheAwareContextLoaderDelegate]
17:50:00.943 [Test worker] DEBUG org.springframework.test.context.BootstrapUtils - Instantiating BootstrapContext using constructor [public org.springframework.test.context.support.DefaultBootstrapContext(java.lang.Class,org.springframework.test.context.CacheAwareContextLoaderDelegate)]
17:50:00.986 [Test worker] DEBUG org.springframework.test.context.BootstrapUtils - Instantiating TestContextBootstrapper for test class [com.example.springpayments.SpringPaymentsApplicationTests] from class [org.springframework.boot.test.context.SpringBootTestContextBootstrapper]
17:50:01.000 [Test worker] INFO org.springframework.boot.test.context.SpringBootTestContextBootstrapper - Neither @ContextConfiguration nor @ContextHierarchy found for test class [com.example.springpayments.SpringPaymentsApplicationTests], using SpringBootContextLoader
17:50:01.006 [Test worker] DEBUG org.springframework.test.context.support.AbstractContextLoader - Did not detect default resource location for test class [com.example.springpayments.SpringPaymentsApplicationTests]: class path resource [com/example/springpayments/SpringPaymentsApplicationTests-context.xml] does not exist
17:50:01.006 [Test worker] DEBUG org.springframework.test.context.support.AbstractContextLoader - Did not detect default resource location for test class [com.example.springpayments.SpringPaymentsApplicationTests]: class path resource [com/example/springpayments/SpringPaymentsApplicationTestsContext.groovy] does not exist
17:50:01.006 [Test worker] INFO org.springframework.test.context.support.AbstractContextLoader - Could not detect default resource locations for test class [com.example.springpayments.SpringPaymentsApplicationTests]: no resource found for suffixes {-context.xml, Context.groovy}.
17:50:01.007 [Test worker] INFO org.springframework.test.context.support.AnnotationConfigContextLoaderUtils - Could not detect default configuration classes for test class [com.example.springpayments.SpringPaymentsApplicationTests]: SpringPaymentsApplicationTests does not declare any static, non-private, non-final, nested classes annotated with @Configuration.
17:50:01.059 [Test worker] DEBUG org.springframework.test.context.support.ActiveProfilesUtils - Could not find an 'annotation declaring class' for annotation type [org.springframework.test.context.ActiveProfiles] and class [com.example.springpayments.SpringPaymentsApplicationTests]
17:50:01.160 [Test worker] DEBUG org.springframework.context.annotation.ClassPathScanningCandidateComponentProvider - Identified candidate component class: file [C:\Users\rozan\Desktop\cs_172_github_repos\fa21-172-sprring\payment\build\classes\java\main\com\example\springpayments\SpringPaymentsApplication.class]
17:50:01.161 [Test worker] INFO org.springframework.boot.test.context.SpringBootTestContextBootstrapper - Found @SpringBootConfiguration com.example.springpayments.SpringPaymentsApplication for test class com.example.springpayments.SpringPaymentsApplicationTests
17:50:01.306 [Test worker] DEBUG org.springframework.boot.test.context.SpringBootTestContextBootstrapper - @TestExecutionListeners is not present for class [com.example.springpayments.SpringPaymentsApplicationTests]: using defaults.
17:50:01.307 [Test worker] INFO org.springframework.boot.test.context.SpringBootTestContextBootstrapper - Loaded default TestExecutionListener class names from location [META-INF/spring.factories]: [org.springframework.boot.test.autoconfigure.restdocs.RestDocsTestExecutionListener, org.springframework.boot.test.autoconfigure.web.client.MockRestServiceServerResetTestExecutionListener, org.springframework.boot.test.autoconfigure.web.servlet.MockMvcPrintOnlyOnFailureTestExecutionListener, org.springframework.boot.test.autoconfigure.web.servlet.WebDriverTestExecutionListener, org.springframework.boot.test.autoconfigure.webservices.client.MockWebServiceServerTestExecutionListener, org.springframework.boot.test.mock.mockito.MockitoTestExecutionListener, org.springframework.boot.test.mock.mockito.ResetMocksTestExecutionListener, org.springframework.test.context.web.ServletTestExecutionListener, org.springframework.test.context.support.DirtiesContextBeforeModesTestExecutionListener, org.springframework.test.context.event.ApplicationEventsTestExecutionListener, org.springframework.test.context.support.DependencyInjectionTestExecutionListener, org.springframework.test.context.support.DirtiesContextTestExecutionListener, org.springframework.test.context.transaction.TransactionalTestExecutionListener, org.springframework.test.context.jdbc.SqlScriptsTestExecutionListener, org.springframework.test.context.event.EventPublishingTestExecutionListener]
17:50:01.329 [Test worker] INFO org.springframework.boot.test.context.SpringBootTestContextBootstrapper - Using TestExecutionListeners: [org.springframework.test.context.web.ServletTestExecutionListener@72dc90c1, org.springframework.test.context.support.DirtiesContextBeforeModesTestExecutionListener@441103, org.springframework.test.context.event.ApplicationEventsTestExecutionListener@293acf26, org.springframework.boot.test.mock.mockito.MockitoTestExecutionListener@6ce269fa, org.springframework.boot.test.autoconfigure.SpringBootDependencyInjectionTestExecutionListener@7aaeb63f, org.springframework.test.context.support.DirtiesContextTestExecutionListener@5a426c60, org.springframework.test.context.transaction.TransactionalTestExecutionListener@257ecbf1, org.springframework.test.context.jdbc.SqlScriptsTestExecutionListener@5a2ccb1d, org.springframework.test.context.event.EventPublishingTestExecutionListener@55bc9129, org.springframework.boot.test.autoconfigure.restdocs.RestDocsTestExecutionListener@1c54c692, org.springframework.boot.test.autoconfigure.web.client.MockRestServiceServerResetTestExecutionListener@4f26a7aa, org.springframework.boot.test.autoconfigure.web.servlet.MockMvcPrintOnlyOnFailureTestExecutionListener@736ef970, org.springframework.boot.test.autoconfigure.web.servlet.WebDriverTestExecutionListener@426a1bed, org.springframework.boot.test.autoconfigure.webservices.client.MockWebServiceServerTestExecutionListener@78b02564, org.springframework.boot.test.mock.mockito.ResetMocksTestExecutionListener@2d1d62f]
17:50:01.334 [Test worker] DEBUG org.springframework.test.context.support.AbstractDirtiesContextTestExecutionListener - Before test class: context [DefaultTestContext@2e636dfc testClass = SpringPaymentsApplicationTests, testInstance = [null], testMethod = [null], testException = [null], mergedContextConfiguration = [WebMergedContextConfiguration@27f90325 testClass = SpringPaymentsApplicationTests, locations = '{}', classes = '{class com.example.springpayments.SpringPaymentsApplication}', contextInitializerClasses = '[]', activeProfiles = '{}', propertySourceLocations = '{}', propertySourceProperties = '{org.springframework.boot.test.context.SpringBootTestContextBootstrapper=true}', contextCustomizers = set[org.springframework.boot.test.autoconfigure.actuate.metrics.MetricsExportContextCustomizerFactory$DisableMetricExportContextCustomizer@18978a2d, org.springframework.boot.test.autoconfigure.properties.PropertyMappingContextCustomizer@0, org.springframework.boot.test.autoconfigure.web.servlet.WebDriverContextCustomizerFactory$Customizer@75281948, org.springframework.boot.test.context.filter.ExcludeFilterContextCustomizer@3a87fa62, org.springframework.boot.test.json.DuplicateJsonObjectContextCustomizerFactory$DuplicateJsonObjectContextCustomizer@30e6f476, org.springframework.boot.test.mock.mockito.MockitoContextCustomizer@0, org.springframework.boot.test.web.client.TestRestTemplateContextCustomizer@300f1620, org.springframework.boot.test.context.SpringBootTestArgs@1, org.springframework.boot.test.context.SpringBootTestWebEnvironment@1b44a31], resourceBasePath = 'src/main/webapp', contextLoader = 'org.springframework.boot.test.context.SpringBootContextLoader', parent = [null]], attributes = map['org.springframework.test.context.web.ServletTestExecutionListener.activateListener' -> true]], class annotated with @DirtiesContext [false] with mode [null].
17:50:01.379 [Test worker] DEBUG org.springframework.test.context.support.TestPropertySourceUtils - Adding inlined properties to environment: {spring.jmx.enabled=false, org.springframework.boot.test.context.SpringBootTestContextBootstrapper=true}

  .   ____          _            __ _ _
 /\\ / ___'_ __ _ _(_)_ __  __ _ \ \ \ \
( ( )\___ | '_ | '_| | '_ \/ _` | \ \ \ \
 \\/  ___)| |_)| | | | | || (_| |  ) ) ) )
  '  |____| .__|_| |_|_| |_\__, | / / / /
 =========|_|==============|___/=/_/_/_/
 :: Spring Boot ::                (v2.4.4)

2021-12-06 17:50:01.740  INFO 22464 --- [    Test worker] c.e.s.SpringPaymentsApplicationTests     : Starting SpringPaymentsApplicationTests using Java 11.0.11 on Big-Sister with PID 22464 (started by rozan in C:\Users\rozan\Desktop\cs_172_github_repos\fa21-172-sprring\payment)
2021-12-06 17:50:01.744  INFO 22464 --- [    Test worker] c.e.s.SpringPaymentsApplicationTests     : No active profile set, falling back to default profiles: default
2021-12-06 17:50:02.899  INFO 22464 --- [    Test worker] .s.d.r.c.RepositoryConfigurationDelegate : Bootstrapping Spring Data JPA repositories in DEFAULT mode.
2021-12-06 17:50:03.004  INFO 22464 --- [    Test worker] .s.d.r.c.RepositoryConfigurationDelegate : Finished Spring Data repository scanning in 88 ms. Found 1 JPA repository interfaces.
2021-12-06 17:50:03.708  INFO 22464 --- [    Test worker] com.zaxxer.hikari.HikariDataSource       : HikariPool-1 - Starting...
2021-12-06 17:50:03.990  INFO 22464 --- [    Test worker] com.zaxxer.hikari.HikariDataSource       : HikariPool-1 - Start completed.
2021-12-06 17:50:04.113  INFO 22464 --- [    Test worker] o.hibernate.jpa.internal.util.LogHelper  : HHH000204: Processing PersistenceUnitInfo [name: default]
2021-12-06 17:50:04.231  INFO 22464 --- [    Test worker] org.hibernate.Version                    : HHH000412: Hibernate ORM core version 5.4.29.Final
2021-12-06 17:50:04.459  INFO 22464 --- [    Test worker] o.hibernate.annotations.common.Version   : HCANN000001: Hibernate Commons Annotations {5.1.2.Final}
2021-12-06 17:50:04.675  INFO 22464 --- [    Test worker] org.hibernate.dialect.Dialect            : HHH000400: Using dialect: org.hibernate.dialect.H2Dialect
2021-12-06 17:50:05.698  INFO 22464 --- [    Test worker] o.h.e.t.j.p.i.JtaPlatformInitiator       : HHH000490: Using JtaPlatform implementation: [org.hibernate.engine.transaction.jta.platform.internal.NoJtaPlatform]
2021-12-06 17:50:05.710  INFO 22464 --- [    Test worker] j.LocalContainerEntityManagerFactoryBean : Initialized JPA EntityManagerFactory for persistence unit 'default'
2021-12-06 17:50:06.507  WARN 22464 --- [    Test worker] JpaBaseConfiguration$JpaWebConfiguration : spring.jpa.open-in-view is enabled by default. Therefore, database queries may be performed during view rendering. Explicitly configure spring.jpa.open-in-view to disable this warning
2021-12-06 17:50:06.816  INFO 22464 --- [    Test worker] o.s.s.concurrent.ThreadPoolTaskExecutor  : Initializing ExecutorService 'applicationTaskExecutor'
2021-12-06 17:50:06.903  INFO 22464 --- [    Test worker] o.s.b.a.h2.H2ConsoleAutoConfiguration    : H2 console available at '/h2-console'. Database available at 'jdbc:h2:mem:cmpe172'
2021-12-06 17:50:07.567  INFO 22464 --- [    Test worker] c.e.s.SpringPaymentsApplicationTests     : Started SpringPaymentsApplicationTests in 6.164 seconds (JVM running for 7.765)
]]></system-out>
  <system-err><![CDATA[]]></system-err>
</testsuite>
