<?xml version="1.0" encoding="UTF-8"?>
<testsuite name="com.example.springpayments.SpringPaymentsApplicationTests" tests="1" skipped="0" failures="0" errors="0" timestamp="2021-12-07T01:26:23" hostname="Big-Sister" time="0.19">
  <properties/>
  <testcase name="contextLoads()" classname="com.example.springpayments.SpringPaymentsApplicationTests" time="0.19"/>
  <system-out><![CDATA[17:26:17.423 [Test worker] DEBUG org.springframework.test.context.BootstrapUtils - Instantiating CacheAwareContextLoaderDelegate from class [org.springframework.test.context.cache.DefaultCacheAwareContextLoaderDelegate]
17:26:17.448 [Test worker] DEBUG org.springframework.test.context.BootstrapUtils - Instantiating BootstrapContext using constructor [public org.springframework.test.context.support.DefaultBootstrapContext(java.lang.Class,org.springframework.test.context.CacheAwareContextLoaderDelegate)]
17:26:17.509 [Test worker] DEBUG org.springframework.test.context.BootstrapUtils - Instantiating TestContextBootstrapper for test class [com.example.springpayments.SpringPaymentsApplicationTests] from class [org.springframework.boot.test.context.SpringBootTestContextBootstrapper]
17:26:17.528 [Test worker] INFO org.springframework.boot.test.context.SpringBootTestContextBootstrapper - Neither @ContextConfiguration nor @ContextHierarchy found for test class [com.example.springpayments.SpringPaymentsApplicationTests], using SpringBootContextLoader
17:26:17.535 [Test worker] DEBUG org.springframework.test.context.support.AbstractContextLoader - Did not detect default resource location for test class [com.example.springpayments.SpringPaymentsApplicationTests]: class path resource [com/example/springpayments/SpringPaymentsApplicationTests-context.xml] does not exist
17:26:17.536 [Test worker] DEBUG org.springframework.test.context.support.AbstractContextLoader - Did not detect default resource location for test class [com.example.springpayments.SpringPaymentsApplicationTests]: class path resource [com/example/springpayments/SpringPaymentsApplicationTestsContext.groovy] does not exist
17:26:17.536 [Test worker] INFO org.springframework.test.context.support.AbstractContextLoader - Could not detect default resource locations for test class [com.example.springpayments.SpringPaymentsApplicationTests]: no resource found for suffixes {-context.xml, Context.groovy}.
17:26:17.537 [Test worker] INFO org.springframework.test.context.support.AnnotationConfigContextLoaderUtils - Could not detect default configuration classes for test class [com.example.springpayments.SpringPaymentsApplicationTests]: SpringPaymentsApplicationTests does not declare any static, non-private, non-final, nested classes annotated with @Configuration.
17:26:17.605 [Test worker] DEBUG org.springframework.test.context.support.ActiveProfilesUtils - Could not find an 'annotation declaring class' for annotation type [org.springframework.test.context.ActiveProfiles] and class [com.example.springpayments.SpringPaymentsApplicationTests]
17:26:17.739 [Test worker] DEBUG org.springframework.context.annotation.ClassPathScanningCandidateComponentProvider - Identified candidate component class: file [C:\Users\rozan\Desktop\cs_172_github_repos\fa21-172-sprring\payment\build\classes\java\main\com\example\springpayments\SpringPaymentsApplication.class]
17:26:17.740 [Test worker] INFO org.springframework.boot.test.context.SpringBootTestContextBootstrapper - Found @SpringBootConfiguration com.example.springpayments.SpringPaymentsApplication for test class com.example.springpayments.SpringPaymentsApplicationTests
17:26:17.912 [Test worker] DEBUG org.springframework.boot.test.context.SpringBootTestContextBootstrapper - @TestExecutionListeners is not present for class [com.example.springpayments.SpringPaymentsApplicationTests]: using defaults.
17:26:17.913 [Test worker] INFO org.springframework.boot.test.context.SpringBootTestContextBootstrapper - Loaded default TestExecutionListener class names from location [META-INF/spring.factories]: [org.springframework.boot.test.autoconfigure.restdocs.RestDocsTestExecutionListener, org.springframework.boot.test.autoconfigure.web.client.MockRestServiceServerResetTestExecutionListener, org.springframework.boot.test.autoconfigure.web.servlet.MockMvcPrintOnlyOnFailureTestExecutionListener, org.springframework.boot.test.autoconfigure.web.servlet.WebDriverTestExecutionListener, org.springframework.boot.test.autoconfigure.webservices.client.MockWebServiceServerTestExecutionListener, org.springframework.boot.test.mock.mockito.MockitoTestExecutionListener, org.springframework.boot.test.mock.mockito.ResetMocksTestExecutionListener, org.springframework.test.context.web.ServletTestExecutionListener, org.springframework.test.context.support.DirtiesContextBeforeModesTestExecutionListener, org.springframework.test.context.event.ApplicationEventsTestExecutionListener, org.springframework.test.context.support.DependencyInjectionTestExecutionListener, org.springframework.test.context.support.DirtiesContextTestExecutionListener, org.springframework.test.context.transaction.TransactionalTestExecutionListener, org.springframework.test.context.jdbc.SqlScriptsTestExecutionListener, org.springframework.test.context.event.EventPublishingTestExecutionListener]
17:26:17.939 [Test worker] INFO org.springframework.boot.test.context.SpringBootTestContextBootstrapper - Using TestExecutionListeners: [org.springframework.test.context.web.ServletTestExecutionListener@26137381, org.springframework.test.context.support.DirtiesContextBeforeModesTestExecutionListener@6ba71e8, org.springframework.test.context.event.ApplicationEventsTestExecutionListener@156ac224, org.springframework.boot.test.mock.mockito.MockitoTestExecutionListener@4a82c7d0, org.springframework.boot.test.autoconfigure.SpringBootDependencyInjectionTestExecutionListener@77302a7a, org.springframework.test.context.support.DirtiesContextTestExecutionListener@22d03045, org.springframework.test.context.transaction.TransactionalTestExecutionListener@6168add9, org.springframework.test.context.jdbc.SqlScriptsTestExecutionListener@3d084a63, org.springframework.test.context.event.EventPublishingTestExecutionListener@4b1dd442, org.springframework.boot.test.autoconfigure.restdocs.RestDocsTestExecutionListener@68ec977c, org.springframework.boot.test.autoconfigure.web.client.MockRestServiceServerResetTestExecutionListener@4c4ee9dd, org.springframework.boot.test.autoconfigure.web.servlet.MockMvcPrintOnlyOnFailureTestExecutionListener@336ae965, org.springframework.boot.test.autoconfigure.web.servlet.WebDriverTestExecutionListener@1670948e, org.springframework.boot.test.autoconfigure.webservices.client.MockWebServiceServerTestExecutionListener@1aaba64b, org.springframework.boot.test.mock.mockito.ResetMocksTestExecutionListener@2190a4c2]
17:26:17.946 [Test worker] DEBUG org.springframework.test.context.support.AbstractDirtiesContextTestExecutionListener - Before test class: context [DefaultTestContext@173d67a0 testClass = SpringPaymentsApplicationTests, testInstance = [null], testMethod = [null], testException = [null], mergedContextConfiguration = [WebMergedContextConfiguration@4440c5c testClass = SpringPaymentsApplicationTests, locations = '{}', classes = '{class com.example.springpayments.SpringPaymentsApplication}', contextInitializerClasses = '[]', activeProfiles = '{}', propertySourceLocations = '{}', propertySourceProperties = '{org.springframework.boot.test.context.SpringBootTestContextBootstrapper=true}', contextCustomizers = set[org.springframework.boot.test.autoconfigure.actuate.metrics.MetricsExportContextCustomizerFactory$DisableMetricExportContextCustomizer@be9677f, org.springframework.boot.test.autoconfigure.properties.PropertyMappingContextCustomizer@0, org.springframework.boot.test.autoconfigure.web.servlet.WebDriverContextCustomizerFactory$Customizer@37e68327, org.springframework.boot.test.context.filter.ExcludeFilterContextCustomizer@72194add, org.springframework.boot.test.json.DuplicateJsonObjectContextCustomizerFactory$DuplicateJsonObjectContextCustomizer@3fa219e8, org.springframework.boot.test.mock.mockito.MockitoContextCustomizer@0, org.springframework.boot.test.web.client.TestRestTemplateContextCustomizer@328caf03, org.springframework.boot.test.context.SpringBootTestArgs@1, org.springframework.boot.test.context.SpringBootTestWebEnvironment@551887a1], resourceBasePath = 'src/main/webapp', contextLoader = 'org.springframework.boot.test.context.SpringBootContextLoader', parent = [null]], attributes = map['org.springframework.test.context.web.ServletTestExecutionListener.activateListener' -> true]], class annotated with @DirtiesContext [false] with mode [null].
17:26:17.991 [Test worker] DEBUG org.springframework.test.context.support.TestPropertySourceUtils - Adding inlined properties to environment: {spring.jmx.enabled=false, org.springframework.boot.test.context.SpringBootTestContextBootstrapper=true}

  .   ____          _            __ _ _
 /\\ / ___'_ __ _ _(_)_ __  __ _ \ \ \ \
( ( )\___ | '_ | '_| | '_ \/ _` | \ \ \ \
 \\/  ___)| |_)| | | | | || (_| |  ) ) ) )
  '  |____| .__|_| |_|_| |_\__, | / / / /
 =========|_|==============|___/=/_/_/_/
 :: Spring Boot ::                (v2.4.4)

2021-12-06 17:26:18.319  INFO 8892 --- [    Test worker] c.e.s.SpringPaymentsApplicationTests     : Starting SpringPaymentsApplicationTests using Java 11.0.11 on Big-Sister with PID 8892 (started by rozan in C:\Users\rozan\Desktop\cs_172_github_repos\fa21-172-sprring\payment)
2021-12-06 17:26:18.323  INFO 8892 --- [    Test worker] c.e.s.SpringPaymentsApplicationTests     : No active profile set, falling back to default profiles: default
2021-12-06 17:26:19.348  INFO 8892 --- [    Test worker] .s.d.r.c.RepositoryConfigurationDelegate : Bootstrapping Spring Data JPA repositories in DEFAULT mode.
2021-12-06 17:26:19.407  INFO 8892 --- [    Test worker] .s.d.r.c.RepositoryConfigurationDelegate : Finished Spring Data repository scanning in 50 ms. Found 1 JPA repository interfaces.
2021-12-06 17:26:20.121  INFO 8892 --- [    Test worker] com.zaxxer.hikari.HikariDataSource       : HikariPool-1 - Starting...
2021-12-06 17:26:20.351  INFO 8892 --- [    Test worker] com.zaxxer.hikari.HikariDataSource       : HikariPool-1 - Start completed.
2021-12-06 17:26:20.447  INFO 8892 --- [    Test worker] o.hibernate.jpa.internal.util.LogHelper  : HHH000204: Processing PersistenceUnitInfo [name: default]
2021-12-06 17:26:20.543  INFO 8892 --- [    Test worker] org.hibernate.Version                    : HHH000412: Hibernate ORM core version 5.4.29.Final
2021-12-06 17:26:20.793  INFO 8892 --- [    Test worker] o.hibernate.annotations.common.Version   : HCANN000001: Hibernate Commons Annotations {5.1.2.Final}
2021-12-06 17:26:20.972  INFO 8892 --- [    Test worker] org.hibernate.dialect.Dialect            : HHH000400: Using dialect: org.hibernate.dialect.H2Dialect
2021-12-06 17:26:21.827  INFO 8892 --- [    Test worker] o.h.e.t.j.p.i.JtaPlatformInitiator       : HHH000490: Using JtaPlatform implementation: [org.hibernate.engine.transaction.jta.platform.internal.NoJtaPlatform]
2021-12-06 17:26:21.839  INFO 8892 --- [    Test worker] j.LocalContainerEntityManagerFactoryBean : Initialized JPA EntityManagerFactory for persistence unit 'default'
2021-12-06 17:26:22.573  WARN 8892 --- [    Test worker] JpaBaseConfiguration$JpaWebConfiguration : spring.jpa.open-in-view is enabled by default. Therefore, database queries may be performed during view rendering. Explicitly configure spring.jpa.open-in-view to disable this warning
2021-12-06 17:26:22.875  INFO 8892 --- [    Test worker] o.s.s.concurrent.ThreadPoolTaskExecutor  : Initializing ExecutorService 'applicationTaskExecutor'
2021-12-06 17:26:22.950  INFO 8892 --- [    Test worker] o.s.b.a.h2.H2ConsoleAutoConfiguration    : H2 console available at '/h2-console'. Database available at 'jdbc:h2:mem:cmpe172'
2021-12-06 17:26:23.466  INFO 8892 --- [    Test worker] c.e.s.SpringPaymentsApplicationTests     : Started SpringPaymentsApplicationTests in 5.452 seconds (JVM running for 7.154)
]]></system-out>
  <system-err><![CDATA[]]></system-err>
</testsuite>
